1642612781994	geckodriver	INFO	Listening on 127.0.0.1:45029
1642612782489	mozrunner::runner	INFO	Running command: "/usr/bin/firefox" "--marionette" "--headless" "--remote-debugging-port" "58129" "-no-remote" "-profile" "/tmp/rust_mozprofiledDDKxL"
*** You are running in headless mode.
1642612784032	Marionette	INFO	Marionette enabled
[GFX1-]: RenderCompositorSWGL failed mapping default framebuffer, no dt
console.warn: SearchSettings: "get: No settings file exists, new profile?" (new NotFoundError("Could not open the file at /tmp/rust_mozprofiledDDKxL/search.json.mozlz4", (void 0)))
DevTools listening on ws://localhost:58129/devtools/browser/7024d9a5-5172-4f63-b383-e42a225e2144
1642612787206	Marionette	INFO	Listening on port 34619
1642612787244	RemoteAgent	WARN	TLS certificate errors will be ignored for this session
1642612790479	Marionette	INFO	Stopped listening on port 34619
1642612791376	geckodriver	INFO	Listening on 127.0.0.1:42175
1642612791882	mozrunner::runner	INFO	Running command: "/usr/bin/firefox" "--marionette" "--headless" "--remote-debugging-port" "59801" "-no-remote" "-profile" "/tmp/rust_mozprofileQJqOqC"
*** You are running in headless mode.
1642612792529	Marionette	INFO	Marionette enabled
[GFX1-]: RenderCompositorSWGL failed mapping default framebuffer, no dt
console.warn: SearchSettings: "get: No settings file exists, new profile?" (new NotFoundError("Could not open the file at /tmp/rust_mozprofileQJqOqC/search.json.mozlz4", (void 0)))
DevTools listening on ws://localhost:59801/devtools/browser/9efedff9-62b9-48cc-8eff-0e0cc98886bb
1642612795141	Marionette	INFO	Listening on port 40247
1642612795233	RemoteAgent	WARN	TLS certificate errors will be ignored for this session
1642612800567	Marionette	INFO	Stopped listening on port 40247

###!!! [Parent][MessageChannel] Error: (msgtype=0x3A0078,name=PContent::Msg_DestroyBrowsingContextGroup) Closed channel: cannot send/recv


###!!! [Child][RunMessage] Error: Channel closing: too late to send/recv, messages will be lost

JavaScript error: resource://gre/modules/Sqlite.jsm, line 1105: Error: Sqlite.jsm has been shutdown. Cannot open connection to: /tmp/rust_mozprofileQJqOqC/protections.sqlite
1642612955445	geckodriver	INFO	Listening on 127.0.0.1:53399
1642612955946	mozrunner::runner	INFO	Running command: "/usr/bin/firefox" "--marionette" "--headless" "--remote-debugging-port" "44987" "-no-remote" "-profile" "/tmp/rust_mozprofileGoqros"
*** You are running in headless mode.
1642612956798	Marionette	INFO	Marionette enabled
[GFX1-]: RenderCompositorSWGL failed mapping default framebuffer, no dt
console.warn: SearchSettings: "get: No settings file exists, new profile?" (new NotFoundError("Could not open the file at /tmp/rust_mozprofileGoqros/search.json.mozlz4", (void 0)))
DevTools listening on ws://localhost:44987/devtools/browser/53ae0737-7a81-4566-9d96-b37eadb360cb
1642612959436	Marionette	INFO	Listening on port 38109
1642612959523	RemoteAgent	WARN	TLS certificate errors will be ignored for this session
1642612961743	Marionette	INFO	Stopped listening on port 38109
1642612962480	geckodriver	INFO	Listening on 127.0.0.1:36855
1642612962985	mozrunner::runner	INFO	Running command: "/usr/bin/firefox" "--marionette" "--headless" "--remote-debugging-port" "35141" "-no-remote" "-profile" "/tmp/rust_mozprofiley30yCL"
*** You are running in headless mode.
1642612963556	Marionette	INFO	Marionette enabled
[GFX1-]: RenderCompositorSWGL failed mapping default framebuffer, no dt
console.warn: SearchSettings: "get: No settings file exists, new profile?" (new NotFoundError("Could not open the file at /tmp/rust_mozprofiley30yCL/search.json.mozlz4", (void 0)))
DevTools listening on ws://localhost:35141/devtools/browser/c0c2ea13-5d93-4f1e-87e0-4d40555c9848
1642612966157	Marionette	INFO	Listening on port 45611
1642612966231	RemoteAgent	WARN	TLS certificate errors will be ignored for this session
1642612970330	Marionette	INFO	Stopped listening on port 45611

###!!! [Parent][MessageChannel] Error: (msgtype=0x3A0078,name=PContent::Msg_DestroyBrowsingContextGroup) Closed channel: cannot send/recv

JavaScript error: resource://gre/modules/Sqlite.jsm, line 1105: Error: Sqlite.jsm has been shutdown. Cannot open connection to: /tmp/rust_mozprofiley30yCL/protections.sqlite

###!!! [Child][RunMessage] Error: Channel closing: too late to send/recv, messages will be lost

1642613340125	geckodriver	INFO	Listening on 127.0.0.1:43691
1642613340627	mozrunner::runner	INFO	Running command: "/usr/bin/firefox" "--marionette" "--headless" "--remote-debugging-port" "49859" "-no-remote" "-profile" "/tmp/rust_mozprofileuxaNe5"
*** You are running in headless mode.
1642613341195	Marionette	INFO	Marionette enabled
[GFX1-]: RenderCompositorSWGL failed mapping default framebuffer, no dt
console.warn: SearchSettings: "get: No settings file exists, new profile?" (new NotFoundError("Could not open the file at /tmp/rust_mozprofileuxaNe5/search.json.mozlz4", (void 0)))
DevTools listening on ws://localhost:49859/devtools/browser/fdac0c48-bb57-4ca0-9e2e-b6edaba96b92
1642613343935	Marionette	INFO	Listening on port 34809
1642613343978	RemoteAgent	WARN	TLS certificate errors will be ignored for this session
1642613346459	Marionette	INFO	Stopped listening on port 34809
1642613347400	geckodriver	INFO	Listening on 127.0.0.1:42189
1642613347405	mozrunner::runner	INFO	Running command: "/usr/bin/firefox" "--marionette" "--headless" "--remote-debugging-port" "35383" "-no-remote" "-profile" "/tmp/rust_mozprofilehnDyTo"
*** You are running in headless mode.
1642613348121	Marionette	INFO	Marionette enabled
[GFX1-]: RenderCompositorSWGL failed mapping default framebuffer, no dt
console.warn: SearchSettings: "get: No settings file exists, new profile?" (new NotFoundError("Could not open the file at /tmp/rust_mozprofilehnDyTo/search.json.mozlz4", (void 0)))
DevTools listening on ws://localhost:35383/devtools/browser/6685ed25-8063-4095-b850-fb59f434dc8c
1642613350803	Marionette	INFO	Listening on port 43881
1642613350850	RemoteAgent	WARN	TLS certificate errors will be ignored for this session
1642613354342	Marionette	INFO	Stopped listening on port 43881

###!!! [Parent][MessageChannel] Error: (msgtype=0x3A0078,name=PContent::Msg_DestroyBrowsingContextGroup) Closed channel: cannot send/recv

JavaScript error: resource://gre/modules/Sqlite.jsm, line 1105: Error: Sqlite.jsm has been shutdown. Cannot open connection to: /tmp/rust_mozprofilehnDyTo/protections.sqlite

###!!! [Parent][RunMessage] Error: Channel closing: too late to send/recv, messages will be lost

1642613414969	geckodriver	INFO	Listening on 127.0.0.1:53699
1642613415474	mozrunner::runner	INFO	Running command: "/usr/bin/firefox" "--marionette" "--headless" "--remote-debugging-port" "45017" "-no-remote" "-profile" "/tmp/rust_mozprofileW1Qx4h"
*** You are running in headless mode.
1642613416117	Marionette	INFO	Marionette enabled
[GFX1-]: RenderCompositorSWGL failed mapping default framebuffer, no dt
console.warn: SearchSettings: "get: No settings file exists, new profile?" (new NotFoundError("Could not open the file at /tmp/rust_mozprofileW1Qx4h/search.json.mozlz4", (void 0)))
DevTools listening on ws://localhost:45017/devtools/browser/cd5c199c-6e46-47c4-916a-6b160ee95bc7
1642613418946	Marionette	INFO	Listening on port 33663
1642613419028	RemoteAgent	WARN	TLS certificate errors will be ignored for this session
1642613427023	Marionette	INFO	Stopped listening on port 33663

###!!! [Parent][RunMessage] Error: Channel closing: too late to send/recv, messages will be lost

1642613427839	geckodriver	INFO	Listening on 127.0.0.1:50411
1642613428342	mozrunner::runner	INFO	Running command: "/usr/bin/firefox" "--marionette" "--headless" "--remote-debugging-port" "56203" "-no-remote" "-profile" "/tmp/rust_mozprofile7RPgle"
*** You are running in headless mode.
1642613428859	Marionette	INFO	Marionette enabled
[GFX1-]: RenderCompositorSWGL failed mapping default framebuffer, no dt
console.warn: SearchSettings: "get: No settings file exists, new profile?" (new NotFoundError("Could not open the file at /tmp/rust_mozprofile7RPgle/search.json.mozlz4", (void 0)))
DevTools listening on ws://localhost:56203/devtools/browser/8a683a39-0224-42a0-8ecf-dac967dee278
1642613431779	Marionette	INFO	Listening on port 33763
1642613431886	RemoteAgent	WARN	TLS certificate errors will be ignored for this session
console.error: Region.jsm: "Error fetching region" (new Error("TIMEOUT", "resource://gre/modules/Region.jsm", 772))
console.error: Region.jsm: "Failed to fetch region" (new Error("TIMEOUT", "resource://gre/modules/Region.jsm", 419))
1642613464740	Marionette	INFO	Stopped listening on port 33763

###!!! [Child][MessageChannel] Error: (msgtype=0x230030,name=PBrowser::Msg___delete__) Channel closing: too late to send/recv, messages will be lost


###!!! [Parent][MessageChannel] Error: (msgtype=0x3A0078,name=PContent::Msg_DestroyBrowsingContextGroup) Closed channel: cannot send/recv

JavaScript error: resource://gre/modules/Sqlite.jsm, line 1105: Error: Sqlite.jsm has been shutdown. Cannot open connection to: /tmp/rust_mozprofile7RPgle/protections.sqlite
1642613545290	geckodriver	INFO	Listening on 127.0.0.1:55415
1642613545792	mozrunner::runner	INFO	Running command: "/usr/bin/firefox" "--marionette" "--headless" "--remote-debugging-port" "44961" "-no-remote" "-profile" "/tmp/rust_mozprofilewmPt9c"
*** You are running in headless mode.
1642613546517	Marionette	INFO	Marionette enabled
[GFX1-]: RenderCompositorSWGL failed mapping default framebuffer, no dt
console.warn: SearchSettings: "get: No settings file exists, new profile?" (new NotFoundError("Could not open the file at /tmp/rust_mozprofilewmPt9c/search.json.mozlz4", (void 0)))
DevTools listening on ws://localhost:44961/devtools/browser/fcb7c32c-86d6-4d37-a3fa-4793449052b2
1642613549118	Marionette	INFO	Listening on port 38533
1642613549243	RemoteAgent	WARN	TLS certificate errors will be ignored for this session
1642613551781	Marionette	INFO	Stopped listening on port 38533
1642613552844	geckodriver	INFO	Listening on 127.0.0.1:58735
1642613553351	mozrunner::runner	INFO	Running command: "/usr/bin/firefox" "--marionette" "--headless" "--remote-debugging-port" "43145" "-no-remote" "-profile" "/tmp/rust_mozprofileTgIUD8"
*** You are running in headless mode.
1642613554191	Marionette	INFO	Marionette enabled
[GFX1-]: RenderCompositorSWGL failed mapping default framebuffer, no dt
console.warn: SearchSettings: "get: No settings file exists, new profile?" (new NotFoundError("Could not open the file at /tmp/rust_mozprofileTgIUD8/search.json.mozlz4", (void 0)))
DevTools listening on ws://localhost:43145/devtools/browser/b3bdfc8a-1eb0-4ce4-b04f-136da4f7351b
1642613557423	Marionette	INFO	Listening on port 43689
1642613557524	RemoteAgent	WARN	TLS certificate errors will be ignored for this session
1642613563586	Marionette	INFO	Stopped listening on port 43689

###!!! [Parent][MessageChannel] Error: (msgtype=0x3A0078,name=PContent::Msg_DestroyBrowsingContextGroup) Closed channel: cannot send/recv

JavaScript error: resource://gre/modules/Sqlite.jsm, line 1105: Error: Sqlite.jsm has been shutdown. Cannot open connection to: /tmp/rust_mozprofileTgIUD8/protections.sqlite
1642613862883	geckodriver	INFO	Listening on 127.0.0.1:34173
1642613863388	mozrunner::runner	INFO	Running command: "/usr/bin/firefox" "--marionette" "--headless" "--remote-debugging-port" "43761" "-no-remote" "-profile" "/tmp/rust_mozprofile1Cazo8"
*** You are running in headless mode.
1642613864091	Marionette	INFO	Marionette enabled
[GFX1-]: RenderCompositorSWGL failed mapping default framebuffer, no dt
console.warn: SearchSettings: "get: No settings file exists, new profile?" (new NotFoundError("Could not open the file at /tmp/rust_mozprofile1Cazo8/search.json.mozlz4", (void 0)))
DevTools listening on ws://localhost:43761/devtools/browser/96e0d280-43e8-4bcc-bb89-f42280fefaa1
1642613867413	Marionette	INFO	Listening on port 38845
1642613867544	RemoteAgent	WARN	TLS certificate errors will be ignored for this session
1642613869782	Marionette	INFO	Stopped listening on port 38845
JavaScript error: resource://gre/modules/AsyncShutdown.jsm, line 718: Error: Phase "Sqlite.jsm: wait until all connections are closed" is finished, it is too late to register completion condition "protections.sqlite#0: waiting for shutdown"
1642613871042	geckodriver	INFO	Listening on 127.0.0.1:41655
1642613871544	mozrunner::runner	INFO	Running command: "/usr/bin/firefox" "--marionette" "--headless" "--remote-debugging-port" "46321" "-no-remote" "-profile" "/tmp/rust_mozprofile9lfH7C"
*** You are running in headless mode.
1642613872199	Marionette	INFO	Marionette enabled
[GFX1-]: RenderCompositorSWGL failed mapping default framebuffer, no dt
console.warn: SearchSettings: "get: No settings file exists, new profile?" (new NotFoundError("Could not open the file at /tmp/rust_mozprofile9lfH7C/search.json.mozlz4", (void 0)))
DevTools listening on ws://localhost:46321/devtools/browser/b474b55f-ac52-4580-8362-31434a04cf04
1642613874561	Marionette	INFO	Listening on port 34433
1642613874604	RemoteAgent	WARN	TLS certificate errors will be ignored for this session
1642613879236	Marionette	INFO	Stopped listening on port 34433

###!!! [Child][RunMessage] Error: Channel closing: too late to send/recv, messages will be lost


###!!! [Parent][MessageChannel] Error: (msgtype=0x3A0078,name=PContent::Msg_DestroyBrowsingContextGroup) Closed channel: cannot send/recv

JavaScript error: resource://gre/modules/AsyncShutdown.jsm, line 718: Error: Phase "Sqlite.jsm: wait until all connections are closed" is finished, it is too late to register completion condition "protections.sqlite#0: waiting for shutdown"

###!!! [Parent][RunMessage] Error: Channel closing: too late to send/recv, messages will be lost

1642614141804	geckodriver	INFO	Listening on 127.0.0.1:38051
1642614141812	mozrunner::runner	INFO	Running command: "/usr/bin/firefox" "--marionette" "--headless" "--remote-debugging-port" "45331" "-no-remote" "-profile" "/tmp/rust_mozprofile0RrJ85"
*** You are running in headless mode.
1642614142511	Marionette	INFO	Marionette enabled
[GFX1-]: RenderCompositorSWGL failed mapping default framebuffer, no dt
console.warn: SearchSettings: "get: No settings file exists, new profile?" (new NotFoundError("Could not open the file at /tmp/rust_mozprofile0RrJ85/search.json.mozlz4", (void 0)))
DevTools listening on ws://localhost:45331/devtools/browser/ad172f9e-05a6-416b-8bdc-655c967947b6
1642614145932	Marionette	INFO	Listening on port 40831
1642614146000	RemoteAgent	WARN	TLS certificate errors will be ignored for this session
1642614148900	Marionette	INFO	Stopped listening on port 40831
JavaScript error: resource://gre/modules/AsyncShutdown.jsm, line 718: Error: Phase "Sqlite.jsm: wait until all connections are closed" is finished, it is too late to register completion condition "protections.sqlite#0: waiting for shutdown"
1642614150102	geckodriver	INFO	Listening on 127.0.0.1:54281
1642614150611	mozrunner::runner	INFO	Running command: "/usr/bin/firefox" "--marionette" "--headless" "--remote-debugging-port" "35709" "-no-remote" "-profile" "/tmp/rust_mozprofileC3aotw"
*** You are running in headless mode.
1642614151831	Marionette	INFO	Marionette enabled
[GFX1-]: RenderCompositorSWGL failed mapping default framebuffer, no dt
console.warn: SearchSettings: "get: No settings file exists, new profile?" (new NotFoundError("Could not open the file at /tmp/rust_mozprofileC3aotw/search.json.mozlz4", (void 0)))
DevTools listening on ws://localhost:35709/devtools/browser/a3f9dcc8-fa50-4fa6-a790-25fe27271d29
1642614154495	Marionette	INFO	Listening on port 39819
1642614154576	RemoteAgent	WARN	TLS certificate errors will be ignored for this session
1642614158855	Marionette	INFO	Stopped listening on port 39819

###!!! [Parent][MessageChannel] Error: (msgtype=0x3A0078,name=PContent::Msg_DestroyBrowsingContextGroup) Closed channel: cannot send/recv

JavaScript error: resource://gre/modules/Sqlite.jsm, line 1105: Error: Sqlite.jsm has been shutdown. Cannot open connection to: /tmp/rust_mozprofileC3aotw/protections.sqlite

###!!! [Child][RunMessage] Error: Channel closing: too late to send/recv, messages will be lost

1642614710147	geckodriver	INFO	Listening on 127.0.0.1:42647
1642614710634	mozrunner::runner	INFO	Running command: "/usr/bin/firefox" "--marionette" "--headless" "--remote-debugging-port" "51877" "-no-remote" "-profile" "/tmp/rust_mozprofilewIEPCC"
*** You are running in headless mode.
1642614713317	Marionette	INFO	Marionette enabled
[GFX1-]: RenderCompositorSWGL failed mapping default framebuffer, no dt
console.warn: SearchSettings: "get: No settings file exists, new profile?" (new NotFoundError("Could not open the file at /tmp/rust_mozprofilewIEPCC/search.json.mozlz4", (void 0)))
DevTools listening on ws://localhost:51877/devtools/browser/92bc4c66-1aed-4291-a2d6-6b6af83e36e9
1642614717547	Marionette	INFO	Listening on port 36913
1642614717729	RemoteAgent	WARN	TLS certificate errors will be ignored for this session
1642614722408	Marionette	INFO	Stopped listening on port 36913
JavaScript error: resource://gre/modules/UrlClassifierListManager.jsm, line 691: TypeError: this.tablesData[table] is undefined
1642614723641	geckodriver	INFO	Listening on 127.0.0.1:50261
1642614724148	mozrunner::runner	INFO	Running command: "/usr/bin/firefox" "--marionette" "--headless" "--remote-debugging-port" "36637" "-no-remote" "-profile" "/tmp/rust_mozprofileKjdSgf"
*** You are running in headless mode.
1642614725061	Marionette	INFO	Marionette enabled
[GFX1-]: RenderCompositorSWGL failed mapping default framebuffer, no dt
console.warn: SearchSettings: "get: No settings file exists, new profile?" (new NotFoundError("Could not open the file at /tmp/rust_mozprofileKjdSgf/search.json.mozlz4", (void 0)))
DevTools listening on ws://localhost:36637/devtools/browser/ee03c00b-a973-4114-af55-e2ebabe61a13
1642614728199	Marionette	INFO	Listening on port 46689
1642614728308	RemoteAgent	WARN	TLS certificate errors will be ignored for this session
1642614762854	Marionette	INFO	Stopped listening on port 46689
1642622424539	geckodriver	INFO	Listening on 127.0.0.1:35417
1642622425028	mozrunner::runner	INFO	Running command: "/usr/bin/firefox" "--marionette" "--headless" "--remote-debugging-port" "40241" "-no-remote" "-profile" "/tmp/rust_mozprofileoMscSm"
*** You are running in headless mode.
1642622427222	Marionette	INFO	Marionette enabled
[GFX1-]: RenderCompositorSWGL failed mapping default framebuffer, no dt
console.warn: SearchSettings: "get: No settings file exists, new profile?" (new NotFoundError("Could not open the file at /tmp/rust_mozprofileoMscSm/search.json.mozlz4", (void 0)))
DevTools listening on ws://localhost:40241/devtools/browser/18e1e27d-80aa-44eb-830a-1f354bf2e799
1642622432820	Marionette	INFO	Listening on port 44961
1642622432913	RemoteAgent	WARN	TLS certificate errors will be ignored for this session
1642622436191	Marionette	INFO	Stopped listening on port 44961
1642622438194	geckodriver	INFO	Listening on 127.0.0.1:41153
1642622438702	mozrunner::runner	INFO	Running command: "/usr/bin/firefox" "--marionette" "--headless" "--remote-debugging-port" "33205" "-no-remote" "-profile" "/tmp/rust_mozprofileQsGeYD"
*** You are running in headless mode.
1642622439821	Marionette	INFO	Marionette enabled
[GFX1-]: RenderCompositorSWGL failed mapping default framebuffer, no dt
console.warn: SearchSettings: "get: No settings file exists, new profile?" (new NotFoundError("Could not open the file at /tmp/rust_mozprofileQsGeYD/search.json.mozlz4", (void 0)))
DevTools listening on ws://localhost:33205/devtools/browser/80c601c6-3d4a-4fe7-9073-a341ffd9bded
1642622445558	Marionette	INFO	Listening on port 46581
1642622445639	RemoteAgent	WARN	TLS certificate errors will be ignored for this session
1642622454341	Marionette	INFO	Stopped listening on port 46581

###!!! [Parent][MessageChannel] Error: (msgtype=0x3A0078,name=PContent::Msg_DestroyBrowsingContextGroup) Closed channel: cannot send/recv

JavaScript error: resource://gre/modules/Sqlite.jsm, line 1105: Error: Sqlite.jsm has been shutdown. Cannot open connection to: /tmp/rust_mozprofileQsGeYD/protections.sqlite
1642622782376	geckodriver	INFO	Listening on 127.0.0.1:49137
1642622782882	mozrunner::runner	INFO	Running command: "/usr/bin/firefox" "--marionette" "--headless" "--remote-debugging-port" "36969" "-no-remote" "-profile" "/tmp/rust_mozprofilepISkj4"
*** You are running in headless mode.
1642622784194	Marionette	INFO	Marionette enabled
[GFX1-]: RenderCompositorSWGL failed mapping default framebuffer, no dt
console.warn: SearchSettings: "get: No settings file exists, new profile?" (new NotFoundError("Could not open the file at /tmp/rust_mozprofilepISkj4/search.json.mozlz4", (void 0)))
DevTools listening on ws://localhost:36969/devtools/browser/21b96630-e6f3-47f6-becc-2e12dbadb448
1642622787976	Marionette	INFO	Listening on port 36611
1642622788080	RemoteAgent	WARN	TLS certificate errors will be ignored for this session
1642622791298	Marionette	INFO	Stopped listening on port 36611
1642622792623	geckodriver	INFO	Listening on 127.0.0.1:58453
1642622793128	mozrunner::runner	INFO	Running command: "/usr/bin/firefox" "--marionette" "--headless" "--remote-debugging-port" "49459" "-no-remote" "-profile" "/tmp/rust_mozprofileIdpHcE"
*** You are running in headless mode.
1642622794053	Marionette	INFO	Marionette enabled
[GFX1-]: RenderCompositorSWGL failed mapping default framebuffer, no dt
console.warn: SearchSettings: "get: No settings file exists, new profile?" (new NotFoundError("Could not open the file at /tmp/rust_mozprofileIdpHcE/search.json.mozlz4", (void 0)))
DevTools listening on ws://localhost:49459/devtools/browser/b50f55cf-6a49-4858-bb7e-df487b40365d
1642622797937	Marionette	INFO	Listening on port 35507
1642622798048	RemoteAgent	WARN	TLS certificate errors will be ignored for this session
1642622802309	Marionette	INFO	Stopped listening on port 35507

###!!! [Child][RunMessage] Error: Channel closing: too late to send/recv, messages will be lost

JavaScript error: resource://gre/modules/Sqlite.jsm, line 1105: Error: Sqlite.jsm has been shutdown. Cannot open connection to: /tmp/rust_mozprofileIdpHcE/protections.sqlite
1643230778765	geckodriver	INFO	Listening on 127.0.0.1:39973
1643230779257	mozrunner::runner	INFO	Running command: "/usr/bin/firefox" "--marionette" "--headless" "--remote-debugging-port" "44011" "-no-remote" "-profile" "/tmp/rust_mozprofilew5fuHq"
*** You are running in headless mode.
1643230780724	Marionette	INFO	Marionette enabled
[GFX1-]: RenderCompositorSWGL failed mapping default framebuffer, no dt
console.warn: SearchSettings: "get: No settings file exists, new profile?" (new NotFoundError("Could not open the file at /tmp/rust_mozprofilew5fuHq/search.json.mozlz4", (void 0)))
DevTools listening on ws://localhost:44011/devtools/browser/11469a66-7752-4889-ab23-f10727e2a288
1643230783647	Marionette	INFO	Listening on port 40639
1643230783741	RemoteAgent	WARN	TLS certificate errors will be ignored for this session
1643230787576	Marionette	INFO	Stopped listening on port 40639
1643230788485	geckodriver	INFO	Listening on 127.0.0.1:46661
1643230788989	mozrunner::runner	INFO	Running command: "/usr/bin/firefox" "--marionette" "--headless" "--remote-debugging-port" "33651" "-no-remote" "-profile" "/tmp/rust_mozprofileIf0L8Z"
*** You are running in headless mode.
1643230789602	Marionette	INFO	Marionette enabled
[GFX1-]: RenderCompositorSWGL failed mapping default framebuffer, no dt
console.warn: SearchSettings: "get: No settings file exists, new profile?" (new NotFoundError("Could not open the file at /tmp/rust_mozprofileIf0L8Z/search.json.mozlz4", (void 0)))
DevTools listening on ws://localhost:33651/devtools/browser/7665df62-40fc-4ee4-87c7-71d6fa7fd32f
1643230791845	Marionette	INFO	Listening on port 35095
1643230791929	RemoteAgent	WARN	TLS certificate errors will be ignored for this session
1643230796204	Marionette	INFO	Stopped listening on port 35095

###!!! [Parent][MessageChannel] Error: (msgtype=0x3A0078,name=PContent::Msg_DestroyBrowsingContextGroup) Closed channel: cannot send/recv

JavaScript error: resource://gre/modules/Sqlite.jsm, line 1105: Error: Sqlite.jsm has been shutdown. Cannot open connection to: /tmp/rust_mozprofileIf0L8Z/protections.sqlite

###!!! [Parent][RunMessage] Error: Channel closing: too late to send/recv, messages will be lost

1643231964162	geckodriver	INFO	Listening on 127.0.0.1:36201
1643231964667	mozrunner::runner	INFO	Running command: "/usr/bin/firefox" "--marionette" "--headless" "--remote-debugging-port" "60011" "-no-remote" "-profile" "/tmp/rust_mozprofileifsnWX"
*** You are running in headless mode.
1643231965184	Marionette	INFO	Marionette enabled
[GFX1-]: RenderCompositorSWGL failed mapping default framebuffer, no dt
console.warn: SearchSettings: "get: No settings file exists, new profile?" (new NotFoundError("Could not open the file at /tmp/rust_mozprofileifsnWX/search.json.mozlz4", (void 0)))
DevTools listening on ws://localhost:60011/devtools/browser/590f1a3f-5353-48ea-9504-f832a2420044
1643231967614	Marionette	INFO	Listening on port 38233
1643231967705	RemoteAgent	WARN	TLS certificate errors will be ignored for this session
1643231971071	Marionette	INFO	Stopped listening on port 38233

###!!! [Child][RunMessage] Error: Channel closing: too late to send/recv, messages will be lost

1643231972141	geckodriver	INFO	Listening on 127.0.0.1:42077
1643231972645	mozrunner::runner	INFO	Running command: "/usr/bin/firefox" "--marionette" "--headless" "--remote-debugging-port" "45791" "-no-remote" "-profile" "/tmp/rust_mozprofilecYQm8T"
*** You are running in headless mode.
1643231973358	Marionette	INFO	Marionette enabled
[GFX1-]: RenderCompositorSWGL failed mapping default framebuffer, no dt
console.warn: SearchSettings: "get: No settings file exists, new profile?" (new NotFoundError("Could not open the file at /tmp/rust_mozprofilecYQm8T/search.json.mozlz4", (void 0)))
DevTools listening on ws://localhost:45791/devtools/browser/a4022e53-5012-4975-97f8-5e75413c8294
1643231975976	Marionette	INFO	Listening on port 33955
1643231976100	RemoteAgent	WARN	TLS certificate errors will be ignored for this session
1643231981202	Marionette	INFO	Stopped listening on port 33955

###!!! [Parent][MessageChannel] Error: (msgtype=0x3A0078,name=PContent::Msg_DestroyBrowsingContextGroup) Closed channel: cannot send/recv

JavaScript error: resource://gre/modules/Sqlite.jsm, line 1105: Error: Sqlite.jsm has been shutdown. Cannot open connection to: /tmp/rust_mozprofilecYQm8T/protections.sqlite

###!!! [Child][RunMessage] Error: Channel closing: too late to send/recv, messages will be lost

1643295023026	geckodriver	INFO	Listening on 127.0.0.1:53173
1643295023532	mozrunner::runner	INFO	Running command: "/usr/bin/firefox" "--marionette" "--headless" "--remote-debugging-port" "45801" "-no-remote" "-profile" "/tmp/rust_mozprofilefKnEWQ"
*** You are running in headless mode.
1643295024866	Marionette	INFO	Marionette enabled
[GFX1-]: RenderCompositorSWGL failed mapping default framebuffer, no dt
console.warn: SearchSettings: "get: No settings file exists, new profile?" (new NotFoundError("Could not open the file at /tmp/rust_mozprofilefKnEWQ/search.json.mozlz4", (void 0)))
DevTools listening on ws://localhost:45801/devtools/browser/1206cd20-1cfd-4756-bf57-010d239f19dd
1643295028222	Marionette	INFO	Listening on port 40875
1643295028312	RemoteAgent	WARN	TLS certificate errors will be ignored for this session
1643295030765	Marionette	INFO	Stopped listening on port 40875
console.error: PushServiceWebSocket: 
  _beginWSSetup: Not in shutdown state! Current state
  3

###!!! [Parent][RunMessage] Error: Channel closing: too late to send/recv, messages will be lost

1643295032445	geckodriver	INFO	Listening on 127.0.0.1:46421
1643295032949	mozrunner::runner	INFO	Running command: "/usr/bin/firefox" "--marionette" "--headless" "--remote-debugging-port" "43815" "-no-remote" "-profile" "/tmp/rust_mozprofileoUuYu1"
*** You are running in headless mode.
1643295033463	Marionette	INFO	Marionette enabled
[GFX1-]: RenderCompositorSWGL failed mapping default framebuffer, no dt
console.warn: SearchSettings: "get: No settings file exists, new profile?" (new NotFoundError("Could not open the file at /tmp/rust_mozprofileoUuYu1/search.json.mozlz4", (void 0)))
DevTools listening on ws://localhost:43815/devtools/browser/bd2f303a-97c7-487c-8354-19c304503557
1643295035789	Marionette	INFO	Listening on port 37687
1643295035898	RemoteAgent	WARN	TLS certificate errors will be ignored for this session
1643295039471	Marionette	INFO	Stopped listening on port 37687

###!!! [Child][RunMessage] Error: Channel closing: too late to send/recv, messages will be lost


###!!! [Parent][MessageChannel] Error: (msgtype=0x3A0078,name=PContent::Msg_DestroyBrowsingContextGroup) Closed channel: cannot send/recv

JavaScript error: resource://gre/modules/Sqlite.jsm, line 1105: Error: Sqlite.jsm has been shutdown. Cannot open connection to: /tmp/rust_mozprofileoUuYu1/protections.sqlite

###!!! [Parent][RunMessage] Error: Channel closing: too late to send/recv, messages will be lost

1643295156831	geckodriver	INFO	Listening on 127.0.0.1:59569
1643295156845	mozrunner::runner	INFO	Running command: "/usr/bin/firefox" "--marionette" "--headless" "--remote-debugging-port" "55749" "-no-remote" "-profile" "/tmp/rust_mozprofiledTRGDN"
*** You are running in headless mode.
1643295157355	Marionette	INFO	Marionette enabled
[GFX1-]: RenderCompositorSWGL failed mapping default framebuffer, no dt
console.warn: SearchSettings: "get: No settings file exists, new profile?" (new NotFoundError("Could not open the file at /tmp/rust_mozprofiledTRGDN/search.json.mozlz4", (void 0)))
DevTools listening on ws://localhost:55749/devtools/browser/b7a4d462-22e3-4a35-bd15-af24585590d1
1643295159800	Marionette	INFO	Listening on port 46059
1643295159904	RemoteAgent	WARN	TLS certificate errors will be ignored for this session
1643295162113	Marionette	INFO	Stopped listening on port 46059

###!!! [Parent][RunMessage] Error: Channel closing: too late to send/recv, messages will be lost

1643295162886	geckodriver	INFO	Listening on 127.0.0.1:46237
1643295163391	mozrunner::runner	INFO	Running command: "/usr/bin/firefox" "--marionette" "--headless" "--remote-debugging-port" "39399" "-no-remote" "-profile" "/tmp/rust_mozprofilewINEjg"
*** You are running in headless mode.
1643295163916	Marionette	INFO	Marionette enabled
[GFX1-]: RenderCompositorSWGL failed mapping default framebuffer, no dt
console.warn: SearchSettings: "get: No settings file exists, new profile?" (new NotFoundError("Could not open the file at /tmp/rust_mozprofilewINEjg/search.json.mozlz4", (void 0)))
DevTools listening on ws://localhost:39399/devtools/browser/64fcfb4b-59eb-4f1b-955c-233d9a482ad2
1643295166253	Marionette	INFO	Listening on port 37511
1643295166332	RemoteAgent	WARN	TLS certificate errors will be ignored for this session
1643295169639	Marionette	INFO	Stopped listening on port 37511

###!!! [Child][MessageChannel] Error: (msgtype=0x230030,name=PBrowser::Msg___delete__) Channel closing: too late to send/recv, messages will be lost


###!!! [Parent][MessageChannel] Error: (msgtype=0x3A0078,name=PContent::Msg_DestroyBrowsingContextGroup) Closed channel: cannot send/recv

JavaScript error: resource://gre/modules/Sqlite.jsm, line 1105: Error: Sqlite.jsm has been shutdown. Cannot open connection to: /tmp/rust_mozprofilewINEjg/protections.sqlite
1643295286916	geckodriver	INFO	Listening on 127.0.0.1:41221
1643295287421	mozrunner::runner	INFO	Running command: "/usr/bin/firefox" "--marionette" "--headless" "--remote-debugging-port" "56163" "-no-remote" "-profile" "/tmp/rust_mozprofileMiL11z"
*** You are running in headless mode.
1643295288094	Marionette	INFO	Marionette enabled
[GFX1-]: RenderCompositorSWGL failed mapping default framebuffer, no dt
console.warn: SearchSettings: "get: No settings file exists, new profile?" (new NotFoundError("Could not open the file at /tmp/rust_mozprofileMiL11z/search.json.mozlz4", (void 0)))
DevTools listening on ws://localhost:56163/devtools/browser/76aa326e-e497-4277-b351-87402e7816b2
1643295290542	Marionette	INFO	Listening on port 39267
1643295290573	RemoteAgent	WARN	TLS certificate errors will be ignored for this session
1643295292416	Marionette	INFO	Stopped listening on port 39267
1643295293130	geckodriver	INFO	Listening on 127.0.0.1:49793
1643295293636	mozrunner::runner	INFO	Running command: "/usr/bin/firefox" "--marionette" "--headless" "--remote-debugging-port" "52039" "-no-remote" "-profile" "/tmp/rust_mozprofileSVqWHI"
*** You are running in headless mode.
1643295294148	Marionette	INFO	Marionette enabled
[GFX1-]: RenderCompositorSWGL failed mapping default framebuffer, no dt
console.warn: SearchSettings: "get: No settings file exists, new profile?" (new NotFoundError("Could not open the file at /tmp/rust_mozprofileSVqWHI/search.json.mozlz4", (void 0)))
DevTools listening on ws://localhost:52039/devtools/browser/8c92496c-8262-4c6e-aebc-d9d0705738d1
1643295296436	Marionette	INFO	Listening on port 34011
1643295296488	RemoteAgent	WARN	TLS certificate errors will be ignored for this session
1643295299550	Marionette	INFO	Stopped listening on port 34011

###!!! [Parent][MessageChannel] Error: (msgtype=0x3A0078,name=PContent::Msg_DestroyBrowsingContextGroup) Closed channel: cannot send/recv


###!!! [Child][RunMessage] Error: Channel closing: too late to send/recv, messages will be lost

JavaScript error: resource://gre/modules/Sqlite.jsm, line 1105: Error: Sqlite.jsm has been shutdown. Cannot open connection to: /tmp/rust_mozprofileSVqWHI/protections.sqlite
1643295758213	geckodriver	INFO	Listening on 127.0.0.1:48113
1643295758718	mozrunner::runner	INFO	Running command: "/usr/bin/firefox" "--marionette" "--headless" "--remote-debugging-port" "44371" "-no-remote" "-profile" "/tmp/rust_mozprofileLcROm7"
*** You are running in headless mode.
1643295759310	Marionette	INFO	Marionette enabled
[GFX1-]: RenderCompositorSWGL failed mapping default framebuffer, no dt
console.warn: SearchSettings: "get: No settings file exists, new profile?" (new NotFoundError("Could not open the file at /tmp/rust_mozprofileLcROm7/search.json.mozlz4", (void 0)))
DevTools listening on ws://localhost:44371/devtools/browser/73629df4-048f-41d8-960b-8b3029eaa49c
1643295761992	Marionette	INFO	Listening on port 36167
1643295762067	RemoteAgent	WARN	TLS certificate errors will be ignored for this session
1643295763882	Marionette	INFO	Stopped listening on port 36167
1643295764690	geckodriver	INFO	Listening on 127.0.0.1:58799
1643295764709	mozrunner::runner	INFO	Running command: "/usr/bin/firefox" "--marionette" "--headless" "--remote-debugging-port" "33401" "-no-remote" "-profile" "/tmp/rust_mozprofileu95t7R"
*** You are running in headless mode.
1643295765267	Marionette	INFO	Marionette enabled
[GFX1-]: RenderCompositorSWGL failed mapping default framebuffer, no dt
console.warn: SearchSettings: "get: No settings file exists, new profile?" (new NotFoundError("Could not open the file at /tmp/rust_mozprofileu95t7R/search.json.mozlz4", (void 0)))
DevTools listening on ws://localhost:33401/devtools/browser/2b56a842-684a-4741-aa50-e84e0d937fa1
1643295767588	Marionette	INFO	Listening on port 44791
1643295767686	RemoteAgent	WARN	TLS certificate errors will be ignored for this session
1643295771168	Marionette	INFO	Stopped listening on port 44791

###!!! [Parent][MessageChannel] Error: (msgtype=0x3A0078,name=PContent::Msg_DestroyBrowsingContextGroup) Closed channel: cannot send/recv

JavaScript error: resource://gre/modules/Sqlite.jsm, line 1105: Error: Sqlite.jsm has been shutdown. Cannot open connection to: /tmp/rust_mozprofileu95t7R/protections.sqlite
1643735468943	geckodriver	INFO	Listening on 127.0.0.1:37975
1643735469429	mozrunner::runner	INFO	Running command: "/usr/bin/firefox" "--marionette" "--headless" "--remote-debugging-port" "42537" "-no-remote" "-profile" "/tmp/rust_mozprofilevtNtYM"
*** You are running in headless mode.
1643735470669	Marionette	INFO	Marionette enabled
[GFX1-]: RenderCompositorSWGL failed mapping default framebuffer, no dt
console.warn: SearchSettings: "get: No settings file exists, new profile?" (new NotFoundError("Could not open the file at /tmp/rust_mozprofilevtNtYM/search.json.mozlz4", (void 0)))
DevTools listening on ws://localhost:42537/devtools/browser/789dc131-757c-4131-bdef-2ee4a6a1811f
1643735473193	Marionette	INFO	Listening on port 46359
1643735473279	RemoteAgent	WARN	TLS certificate errors will be ignored for this session
1643735475740	Marionette	INFO	Stopped listening on port 46359

###!!! [Parent][RunMessage] Error: Channel closing: too late to send/recv, messages will be lost


###!!! [Parent][RunMessage] Error: Channel closing: too late to send/recv, messages will be lost

1643735476598	geckodriver	INFO	Listening on 127.0.0.1:51483
1643735477102	mozrunner::runner	INFO	Running command: "/usr/bin/firefox" "--marionette" "--headless" "--remote-debugging-port" "57307" "-no-remote" "-profile" "/tmp/rust_mozprofile5yxHZx"
*** You are running in headless mode.
1643735477625	Marionette	INFO	Marionette enabled
[GFX1-]: RenderCompositorSWGL failed mapping default framebuffer, no dt
console.warn: SearchSettings: "get: No settings file exists, new profile?" (new NotFoundError("Could not open the file at /tmp/rust_mozprofile5yxHZx/search.json.mozlz4", (void 0)))
DevTools listening on ws://localhost:57307/devtools/browser/5e53ec46-ebd0-4634-9b8d-94e923ed3ffe
1643735479822	Marionette	INFO	Listening on port 40045
1643735479941	RemoteAgent	WARN	TLS certificate errors will be ignored for this session
1643735483043	Marionette	INFO	Stopped listening on port 40045

###!!! [Parent][MessageChannel] Error: (msgtype=0x3A0078,name=PContent::Msg_DestroyBrowsingContextGroup) Closed channel: cannot send/recv

JavaScript error: resource://gre/modules/Sqlite.jsm, line 1105: Error: Sqlite.jsm has been shutdown. Cannot open connection to: /tmp/rust_mozprofile5yxHZx/protections.sqlite

###!!! [Child][RunMessage] Error: Channel closing: too late to send/recv, messages will be lost


###!!! [Child][RunMessage] Error: Channel closing: too late to send/recv, messages will be lost


###!!! [Child][RunMessage] Error: Channel closing: too late to send/recv, messages will be lost


###!!! [Child][MessageChannel] Error: (msgtype=0x230030,name=PBrowser::Msg___delete__) Channel closing: too late to send/recv, messages will be lost

1643735514391	geckodriver	INFO	Listening on 127.0.0.1:51253
1643735514894	mozrunner::runner	INFO	Running command: "/usr/bin/firefox" "--marionette" "--headless" "--remote-debugging-port" "41411" "-no-remote" "-profile" "/tmp/rust_mozprofileyxUugF"
*** You are running in headless mode.
1643735515460	Marionette	INFO	Marionette enabled
[GFX1-]: RenderCompositorSWGL failed mapping default framebuffer, no dt
console.warn: SearchSettings: "get: No settings file exists, new profile?" (new NotFoundError("Could not open the file at /tmp/rust_mozprofileyxUugF/search.json.mozlz4", (void 0)))
DevTools listening on ws://localhost:41411/devtools/browser/23600941-0d4a-40cd-add4-1760b0c46595
1643735518000	Marionette	INFO	Listening on port 40399
1643735518047	RemoteAgent	WARN	TLS certificate errors will be ignored for this session
1643735520801	Marionette	INFO	Stopped listening on port 40399

###!!! [Parent][RunMessage] Error: Channel closing: too late to send/recv, messages will be lost

1643735522681	geckodriver	INFO	Listening on 127.0.0.1:33411
1643735523186	mozrunner::runner	INFO	Running command: "/usr/bin/firefox" "--marionette" "--headless" "--remote-debugging-port" "36041" "-no-remote" "-profile" "/tmp/rust_mozprofile2W3s5f"
*** You are running in headless mode.
1643735523666	Marionette	INFO	Marionette enabled
[GFX1-]: RenderCompositorSWGL failed mapping default framebuffer, no dt
console.warn: SearchSettings: "get: No settings file exists, new profile?" (new NotFoundError("Could not open the file at /tmp/rust_mozprofile2W3s5f/search.json.mozlz4", (void 0)))
DevTools listening on ws://localhost:36041/devtools/browser/929c7a3f-4a6e-44f3-9376-41045b560d1a
1643735525774	Marionette	INFO	Listening on port 45537
1643735525833	RemoteAgent	WARN	TLS certificate errors will be ignored for this session
1643735529441	Marionette	INFO	Stopped listening on port 45537

###!!! [Child][RunMessage] Error: Channel closing: too late to send/recv, messages will be lost


###!!! [Parent][MessageChannel] Error: (msgtype=0x3A0078,name=PContent::Msg_DestroyBrowsingContextGroup) Closed channel: cannot send/recv

JavaScript error: resource://gre/modules/Sqlite.jsm, line 1105: Error: Sqlite.jsm has been shutdown. Cannot open connection to: /tmp/rust_mozprofile2W3s5f/protections.sqlite
1643735686508	geckodriver	INFO	Listening on 127.0.0.1:41703
1643735686533	mozrunner::runner	INFO	Running command: "/usr/bin/firefox" "--marionette" "--headless" "--remote-debugging-port" "53693" "-no-remote" "-profile" "/tmp/rust_mozprofilei22PDL"
*** You are running in headless mode.
1643735687141	Marionette	INFO	Marionette enabled
[GFX1-]: RenderCompositorSWGL failed mapping default framebuffer, no dt
console.warn: SearchSettings: "get: No settings file exists, new profile?" (new NotFoundError("Could not open the file at /tmp/rust_mozprofilei22PDL/search.json.mozlz4", (void 0)))
DevTools listening on ws://localhost:53693/devtools/browser/03b637de-5c20-40a3-b976-14590b06d908
1643735689015	Marionette	INFO	Listening on port 40151
1643735689080	RemoteAgent	WARN	TLS certificate errors will be ignored for this session
1643735691044	Marionette	INFO	Stopped listening on port 40151
1643735693047	geckodriver	INFO	Listening on 127.0.0.1:38567
1643735693553	mozrunner::runner	INFO	Running command: "/usr/bin/firefox" "--marionette" "--headless" "--remote-debugging-port" "45895" "-no-remote" "-profile" "/tmp/rust_mozprofilezwMjRZ"
*** You are running in headless mode.
1643735694035	Marionette	INFO	Marionette enabled
[GFX1-]: RenderCompositorSWGL failed mapping default framebuffer, no dt
console.warn: SearchSettings: "get: No settings file exists, new profile?" (new NotFoundError("Could not open the file at /tmp/rust_mozprofilezwMjRZ/search.json.mozlz4", (void 0)))
DevTools listening on ws://localhost:45895/devtools/browser/d27ef6b8-b07e-455a-b28f-89221891eacb
1643735696203	Marionette	INFO	Listening on port 36653
1643735696293	RemoteAgent	WARN	TLS certificate errors will be ignored for this session
1643735700742	Marionette	INFO	Stopped listening on port 36653

###!!! [Parent][MessageChannel] Error: (msgtype=0x3A0078,name=PContent::Msg_DestroyBrowsingContextGroup) Closed channel: cannot send/recv


###!!! [Child][RunMessage] Error: Channel closing: too late to send/recv, messages will be lost

JavaScript error: resource://gre/modules/Sqlite.jsm, line 1105: Error: Sqlite.jsm has been shutdown. Cannot open connection to: /tmp/rust_mozprofilezwMjRZ/protections.sqlite
1643736159415	geckodriver	INFO	Listening on 127.0.0.1:44593
1643736159917	mozrunner::runner	INFO	Running command: "/usr/bin/firefox" "--marionette" "--headless" "--remote-debugging-port" "49465" "-no-remote" "-profile" "/tmp/rust_mozprofilegyEFoQ"
*** You are running in headless mode.
1643736160393	Marionette	INFO	Marionette enabled
[GFX1-]: RenderCompositorSWGL failed mapping default framebuffer, no dt
console.warn: SearchSettings: "get: No settings file exists, new profile?" (new NotFoundError("Could not open the file at /tmp/rust_mozprofilegyEFoQ/search.json.mozlz4", (void 0)))
DevTools listening on ws://localhost:49465/devtools/browser/7944270f-1570-4d58-928e-08db68721092
1643736162401	Marionette	INFO	Listening on port 43187
1643736162458	RemoteAgent	WARN	TLS certificate errors will be ignored for this session
1643736164696	Marionette	INFO	Stopped listening on port 43187
1643736165480	geckodriver	INFO	Listening on 127.0.0.1:52453
1643736165984	mozrunner::runner	INFO	Running command: "/usr/bin/firefox" "--marionette" "--headless" "--remote-debugging-port" "39327" "-no-remote" "-profile" "/tmp/rust_mozprofileAzh4Mk"
*** You are running in headless mode.
1643736166494	Marionette	INFO	Marionette enabled
[GFX1-]: RenderCompositorSWGL failed mapping default framebuffer, no dt
console.warn: SearchSettings: "get: No settings file exists, new profile?" (new NotFoundError("Could not open the file at /tmp/rust_mozprofileAzh4Mk/search.json.mozlz4", (void 0)))
DevTools listening on ws://localhost:39327/devtools/browser/0ec324eb-78a1-47d7-995f-bfc81a4ecffe
1643736168891	Marionette	INFO	Listening on port 38877
1643736168936	RemoteAgent	WARN	TLS certificate errors will be ignored for this session
1643736172439	Marionette	INFO	Stopped listening on port 38877

###!!! [Parent][MessageChannel] Error: (msgtype=0x3A0078,name=PContent::Msg_DestroyBrowsingContextGroup) Closed channel: cannot send/recv

JavaScript error: resource://gre/modules/Sqlite.jsm, line 1105: Error: Sqlite.jsm has been shutdown. Cannot open connection to: /tmp/rust_mozprofileAzh4Mk/protections.sqlite
1643736633210	geckodriver	INFO	Listening on 127.0.0.1:40193
1643736633716	mozrunner::runner	INFO	Running command: "/usr/bin/firefox" "--marionette" "--headless" "--remote-debugging-port" "35771" "-no-remote" "-profile" "/tmp/rust_mozprofileTjoCXt"
*** You are running in headless mode.
1643736634270	Marionette	INFO	Marionette enabled
[GFX1-]: RenderCompositorSWGL failed mapping default framebuffer, no dt
console.warn: SearchSettings: "get: No settings file exists, new profile?" (new NotFoundError("Could not open the file at /tmp/rust_mozprofileTjoCXt/search.json.mozlz4", (void 0)))
DevTools listening on ws://localhost:35771/devtools/browser/0a91610e-293d-48e0-88b1-07b7818ce044
1643736636437	Marionette	INFO	Listening on port 40551
1643736636553	RemoteAgent	WARN	TLS certificate errors will be ignored for this session
1643736638567	Marionette	INFO	Stopped listening on port 40551
1643736639186	geckodriver	INFO	Listening on 127.0.0.1:36569
1643736639691	mozrunner::runner	INFO	Running command: "/usr/bin/firefox" "--marionette" "--headless" "--remote-debugging-port" "45951" "-no-remote" "-profile" "/tmp/rust_mozprofileKmMyiC"
*** You are running in headless mode.
1643736640178	Marionette	INFO	Marionette enabled
[GFX1-]: RenderCompositorSWGL failed mapping default framebuffer, no dt
console.warn: SearchSettings: "get: No settings file exists, new profile?" (new NotFoundError("Could not open the file at /tmp/rust_mozprofileKmMyiC/search.json.mozlz4", (void 0)))
DevTools listening on ws://localhost:45951/devtools/browser/75211ebe-7553-4ef6-876d-6b6b2df1dc84
1643736642230	Marionette	INFO	Listening on port 46465
1643736642325	RemoteAgent	WARN	TLS certificate errors will be ignored for this session
1643736645476	Marionette	INFO	Stopped listening on port 46465

###!!! [Parent][MessageChannel] Error: (msgtype=0x3A0078,name=PContent::Msg_DestroyBrowsingContextGroup) Closed channel: cannot send/recv

JavaScript error: resource://gre/modules/Sqlite.jsm, line 1105: Error: Sqlite.jsm has been shutdown. Cannot open connection to: /tmp/rust_mozprofileKmMyiC/protections.sqlite
1643736668776	geckodriver	INFO	Listening on 127.0.0.1:44709
1643736669281	mozrunner::runner	INFO	Running command: "/usr/bin/firefox" "--marionette" "--headless" "--remote-debugging-port" "48529" "-no-remote" "-profile" "/tmp/rust_mozprofileKOrI3m"
*** You are running in headless mode.
1643736669834	Marionette	INFO	Marionette enabled
[GFX1-]: RenderCompositorSWGL failed mapping default framebuffer, no dt
console.warn: SearchSettings: "get: No settings file exists, new profile?" (new NotFoundError("Could not open the file at /tmp/rust_mozprofileKOrI3m/search.json.mozlz4", (void 0)))
DevTools listening on ws://localhost:48529/devtools/browser/587adfdb-61d0-4e1a-8fbf-70f40b91a43d
1643736672243	Marionette	INFO	Listening on port 45889
1643736672326	RemoteAgent	WARN	TLS certificate errors will be ignored for this session
1643736675967	Marionette	INFO	Stopped listening on port 45889
1643736678027	geckodriver	INFO	Listening on 127.0.0.1:40345
1643736678533	mozrunner::runner	INFO	Running command: "/usr/bin/firefox" "--marionette" "--headless" "--remote-debugging-port" "48185" "-no-remote" "-profile" "/tmp/rust_mozprofileehdhJm"
*** You are running in headless mode.
1643736679033	Marionette	INFO	Marionette enabled
[GFX1-]: RenderCompositorSWGL failed mapping default framebuffer, no dt
console.warn: SearchSettings: "get: No settings file exists, new profile?" (new NotFoundError("Could not open the file at /tmp/rust_mozprofileehdhJm/search.json.mozlz4", (void 0)))
DevTools listening on ws://localhost:48185/devtools/browser/4710966b-34b1-4e1c-85da-a6876b54a78f
1643736681125	Marionette	INFO	Listening on port 39551
1643736681171	RemoteAgent	WARN	TLS certificate errors will be ignored for this session
1643736684505	Marionette	INFO	Stopped listening on port 39551
console.error: PushServiceWebSocket: 
  _beginWSSetup: Not in shutdown state! Current state
  3

###!!! [Parent][MessageChannel] Error: (msgtype=0x3A0078,name=PContent::Msg_DestroyBrowsingContextGroup) Closed channel: cannot send/recv

JavaScript error: resource://gre/modules/Sqlite.jsm, line 1105: Error: Sqlite.jsm has been shutdown. Cannot open connection to: /tmp/rust_mozprofileehdhJm/protections.sqlite

###!!! [Child][RunMessage] Error: Channel closing: too late to send/recv, messages will be lost


###!!! [Parent][RunMessage] Error: Channel closing: too late to send/recv, messages will be lost

1643736800824	geckodriver	INFO	Listening on 127.0.0.1:35919
1643736800841	mozrunner::runner	INFO	Running command: "/usr/bin/firefox" "--marionette" "--headless" "--remote-debugging-port" "55975" "-no-remote" "-profile" "/tmp/rust_mozprofileMzbAGo"
*** You are running in headless mode.
1643736801506	Marionette	INFO	Marionette enabled
[GFX1-]: RenderCompositorSWGL failed mapping default framebuffer, no dt
console.warn: SearchSettings: "get: No settings file exists, new profile?" (new NotFoundError("Could not open the file at /tmp/rust_mozprofileMzbAGo/search.json.mozlz4", (void 0)))
DevTools listening on ws://localhost:55975/devtools/browser/a54726d3-56e6-4a91-8698-ed317264a148
1643736803674	Marionette	INFO	Listening on port 36267
1643736803794	RemoteAgent	WARN	TLS certificate errors will be ignored for this session
1643736807346	Marionette	INFO	Stopped listening on port 36267
1643736808417	geckodriver	INFO	Listening on 127.0.0.1:47999
1643736808922	mozrunner::runner	INFO	Running command: "/usr/bin/firefox" "--marionette" "--headless" "--remote-debugging-port" "57587" "-no-remote" "-profile" "/tmp/rust_mozprofile2O91fg"
*** You are running in headless mode.
1643736809407	Marionette	INFO	Marionette enabled
[GFX1-]: RenderCompositorSWGL failed mapping default framebuffer, no dt
console.warn: SearchSettings: "get: No settings file exists, new profile?" (new NotFoundError("Could not open the file at /tmp/rust_mozprofile2O91fg/search.json.mozlz4", (void 0)))
DevTools listening on ws://localhost:57587/devtools/browser/27e0c03b-566b-46c0-b918-3eef73e81fbb
1643736811350	Marionette	INFO	Listening on port 36841
1643736811460	RemoteAgent	WARN	TLS certificate errors will be ignored for this session
1643736814521	Marionette	INFO	Stopped listening on port 36841

###!!! [Parent][MessageChannel] Error: (msgtype=0x3A0078,name=PContent::Msg_DestroyBrowsingContextGroup) Closed channel: cannot send/recv

JavaScript error: resource://gre/modules/Sqlite.jsm, line 1105: Error: Sqlite.jsm has been shutdown. Cannot open connection to: /tmp/rust_mozprofile2O91fg/protections.sqlite
1643736834190	geckodriver	INFO	Listening on 127.0.0.1:47027
1643736834696	mozrunner::runner	INFO	Running command: "/usr/bin/firefox" "--marionette" "--headless" "--remote-debugging-port" "55399" "-no-remote" "-profile" "/tmp/rust_mozprofilemUuauR"
*** You are running in headless mode.
1643736835193	Marionette	INFO	Marionette enabled
[GFX1-]: RenderCompositorSWGL failed mapping default framebuffer, no dt
console.warn: SearchSettings: "get: No settings file exists, new profile?" (new NotFoundError("Could not open the file at /tmp/rust_mozprofilemUuauR/search.json.mozlz4", (void 0)))
DevTools listening on ws://localhost:55399/devtools/browser/2e3a8209-11f9-44fe-bbdc-975623a68fad
1643736837381	Marionette	INFO	Listening on port 46217
1643736837437	RemoteAgent	WARN	TLS certificate errors will be ignored for this session
1643736839357	Marionette	INFO	Stopped listening on port 46217
1643736841375	geckodriver	INFO	Listening on 127.0.0.1:52937
1643736841385	mozrunner::runner	INFO	Running command: "/usr/bin/firefox" "--marionette" "--headless" "--remote-debugging-port" "37727" "-no-remote" "-profile" "/tmp/rust_mozprofileZ1TgpZ"
*** You are running in headless mode.
1643736841904	Marionette	INFO	Marionette enabled
[GFX1-]: RenderCompositorSWGL failed mapping default framebuffer, no dt
console.warn: SearchSettings: "get: No settings file exists, new profile?" (new NotFoundError("Could not open the file at /tmp/rust_mozprofileZ1TgpZ/search.json.mozlz4", (void 0)))
DevTools listening on ws://localhost:37727/devtools/browser/3aa1ab52-33d6-4390-8a6f-de6f64f667ce
1643736843952	Marionette	INFO	Listening on port 45467
1643736844026	RemoteAgent	WARN	TLS certificate errors will be ignored for this session
1643736848454	Marionette	INFO	Stopped listening on port 45467
JavaScript error: resource://gre/modules/Sqlite.jsm, line 1105: Error: Sqlite.jsm has been shutdown. Cannot open connection to: /tmp/rust_mozprofileZ1TgpZ/protections.sqlite

###!!! [Child][RunMessage] Error: Channel closing: too late to send/recv, messages will be lost

1643750246776	geckodriver	INFO	Listening on 127.0.0.1:56197
1643750247280	mozrunner::runner	INFO	Running command: "/usr/bin/firefox" "--marionette" "--headless" "--remote-debugging-port" "52833" "-no-remote" "-profile" "/tmp/rust_mozprofileEMV5PX"
*** You are running in headless mode.
1643750248063	Marionette	INFO	Marionette enabled
[GFX1-]: RenderCompositorSWGL failed mapping default framebuffer, no dt
console.warn: SearchSettings: "get: No settings file exists, new profile?" (new NotFoundError("Could not open the file at /tmp/rust_mozprofileEMV5PX/search.json.mozlz4", (void 0)))
DevTools listening on ws://localhost:52833/devtools/browser/dd75569a-ef85-45f9-837c-97bf08f2eb4b
1643750250996	Marionette	INFO	Listening on port 38861
1643750251041	RemoteAgent	WARN	TLS certificate errors will be ignored for this session
1643750255120	Marionette	INFO	Stopped listening on port 38861
JavaScript error: resource://gre/modules/AsyncShutdown.jsm, line 718: Error: Phase "Sqlite.jsm: wait until all connections are closed" is finished, it is too late to register completion condition "protections.sqlite#0: waiting for shutdown"
1643750257280	geckodriver	INFO	Listening on 127.0.0.1:50265
1643750257785	mozrunner::runner	INFO	Running command: "/usr/bin/firefox" "--marionette" "--headless" "--remote-debugging-port" "32937" "-no-remote" "-profile" "/tmp/rust_mozprofile21GLTL"
*** You are running in headless mode.
1643750258468	Marionette	INFO	Marionette enabled
[GFX1-]: RenderCompositorSWGL failed mapping default framebuffer, no dt
console.warn: SearchSettings: "get: No settings file exists, new profile?" (new NotFoundError("Could not open the file at /tmp/rust_mozprofile21GLTL/search.json.mozlz4", (void 0)))
DevTools listening on ws://localhost:32937/devtools/browser/2de1d3a0-baff-4a9d-ae48-6f024c5ada39
1643750261166	Marionette	INFO	Listening on port 36733
1643750261245	RemoteAgent	WARN	TLS certificate errors will be ignored for this session
1643750266353	Marionette	INFO	Stopped listening on port 36733
JavaScript error: resource://gre/modules/Sqlite.jsm, line 1105: Error: Sqlite.jsm has been shutdown. Cannot open connection to: /tmp/rust_mozprofile21GLTL/protections.sqlite

###!!! [Child][RunMessage] Error: Channel closing: too late to send/recv, messages will be lost

1643750300707	geckodriver	INFO	Listening on 127.0.0.1:35009
1643750301213	mozrunner::runner	INFO	Running command: "/usr/bin/firefox" "--marionette" "--headless" "--remote-debugging-port" "45113" "-no-remote" "-profile" "/tmp/rust_mozprofilepcqDGJ"
*** You are running in headless mode.
1643750301850	Marionette	INFO	Marionette enabled
[GFX1-]: RenderCompositorSWGL failed mapping default framebuffer, no dt
console.warn: SearchSettings: "get: No settings file exists, new profile?" (new NotFoundError("Could not open the file at /tmp/rust_mozprofilepcqDGJ/search.json.mozlz4", (void 0)))
DevTools listening on ws://localhost:45113/devtools/browser/494bebf8-c1ef-4cd1-8b36-44eb33e77a1c
1643750304349	Marionette	INFO	Listening on port 46649
1643750304456	RemoteAgent	WARN	TLS certificate errors will be ignored for this session
1643750306660	Marionette	INFO	Stopped listening on port 46649
JavaScript error: resource://gre/modules/AsyncShutdown.jsm, line 718: Error: Phase "Sqlite.jsm: wait until all connections are closed" is finished, it is too late to register completion condition "protections.sqlite#0: waiting for shutdown"
1643750307578	geckodriver	INFO	Listening on 127.0.0.1:44861
1643750308082	mozrunner::runner	INFO	Running command: "/usr/bin/firefox" "--marionette" "--headless" "--remote-debugging-port" "55283" "-no-remote" "-profile" "/tmp/rust_mozprofileKsMzBp"
*** You are running in headless mode.
1643750308696	Marionette	INFO	Marionette enabled
[GFX1-]: RenderCompositorSWGL failed mapping default framebuffer, no dt
console.warn: SearchSettings: "get: No settings file exists, new profile?" (new NotFoundError("Could not open the file at /tmp/rust_mozprofileKsMzBp/search.json.mozlz4", (void 0)))
DevTools listening on ws://localhost:55283/devtools/browser/960625c1-2509-4ed3-bd75-9e2b2479a285
1643750311039	Marionette	INFO	Listening on port 41897
1643750311122	RemoteAgent	WARN	TLS certificate errors will be ignored for this session
1643750315625	Marionette	INFO	Stopped listening on port 41897

###!!! [Parent][MessageChannel] Error: (msgtype=0x3A0078,name=PContent::Msg_DestroyBrowsingContextGroup) Closed channel: cannot send/recv

JavaScript error: resource://gre/modules/Sqlite.jsm, line 1105: Error: Sqlite.jsm has been shutdown. Cannot open connection to: /tmp/rust_mozprofileKsMzBp/protections.sqlite

###!!! [Child][RunMessage] Error: Channel closing: too late to send/recv, messages will be lost

